nohup: no se tendrá en cuenta la entrada

> front@0.1.0 start
> react-scripts start

[HPM] Proxy created: /  -> https://naimcv.pythonanywhere.com
(node:26673) [DEP_WEBPACK_DEV_SERVER_ON_AFTER_SETUP_MIDDLEWARE] DeprecationWarning: 'onAfterSetupMiddleware' option is deprecated. Please use the 'setupMiddlewares' option.
(Use `node --trace-deprecation ...` to show where the warning was created)
(node:26673) [DEP_WEBPACK_DEV_SERVER_ON_BEFORE_SETUP_MIDDLEWARE] DeprecationWarning: 'onBeforeSetupMiddleware' option is deprecated. Please use the 'setupMiddlewares' option.
Starting the development server...

Compiled with warnings.

[eslint] 
src/components/DynamicPageRenderer.js
  Line 3:10:  'path_images' is defined but never used  no-unused-vars

Search for the keywords to learn more about each warning.
To ignore, add // eslint-disable-next-line to the line before.

WARNING in [eslint] 
src/components/DynamicPageRenderer.js
  Line 3:10:  'path_images' is defined but never used  no-unused-vars

webpack compiled with 1 warning
Compiling...
Compiled successfully!
webpack compiled successfully
Compiling...
Compiled successfully!
webpack compiled successfully
Compiling...
Failed to compile.

Module not found: Error: Can't resolve './Header.css' in '/home/naim/martaoliveda/frontend/src/componentes/Header'
ERROR in ./src/componentes/Header/Header.js 11:0-22
Module not found: Error: Can't resolve './Header.css' in '/home/naim/martaoliveda/frontend/src/componentes/Header'

webpack compiled with 1 error
Compiling...
Compiled successfully!
webpack compiled successfully
Compiling...
Compiled successfully!
webpack compiled successfully
Compiling...
Failed to compile.

Module not found: Error: Can't resolve './Footer.css' in '/home/naim/martaoliveda/frontend/src/componentes/Footer'
ERROR in ./src/componentes/Footer/Footer.js 8:0-22
Module not found: Error: Can't resolve './Footer.css' in '/home/naim/martaoliveda/frontend/src/componentes/Footer'

webpack compiled with 1 error
Compiling...
Compiled successfully!
webpack compiled successfully
Compiling...
Compiled successfully!
webpack compiled successfully
Compiling...
Compiled successfully!
webpack compiled successfully
Compiling...
Compiled successfully!
webpack compiled successfully
Compiling...
Compiled successfully!
webpack compiled successfully
Compiling...
Compiled successfully!
webpack compiled successfully
Compiling...
Compiled successfully!
webpack compiled successfully
Compiling...
Compiled with warnings.

[eslint] 
src/index.js
  Line 25:8:  'SobreMi' is defined but never used  no-unused-vars

Search for the keywords to learn more about each warning.
To ignore, add // eslint-disable-next-line to the line before.

WARNING in [eslint] 
src/index.js
  Line 25:8:  'SobreMi' is defined but never used  no-unused-vars

webpack compiled with 1 warning
Compiling...
Compiled successfully!
webpack compiled successfully
Compiling...
Compiled successfully!
webpack compiled successfully
